<?xml version="1.0" encoding="UTF-8"?>
<testng-results ignored="0" total="1" passed="1" failed="0" skipped="0">
  <reporter-output>
  </reporter-output>
  <suite started-at="2022-08-23T15:12:06 IST" name="Default suite" finished-at="2022-08-23T15:12:27 IST" duration-ms="20903">
    <groups>
    </groups>
    <test started-at="2022-08-23T15:12:06 IST" name="Default test" finished-at="2022-08-23T15:12:27 IST" duration-ms="20903">
      <class name="Pallel1">
        <test-method signature="TC2()[pri:0, instance:Pallel1@28f2a10f]" started-at="2022-08-23T15:12:06 IST" name="TC2" finished-at="2022-08-23T15:12:27 IST" duration-ms="20685" status="PASS">
          <reporter-output>
          </reporter-output>
        </test-method> <!-- TC2 -->
      </class> <!-- Pallel1 -->
    </test> <!-- Default test -->
  </suite> <!-- Default suite -->
</testng-results>
